{"uid":"3863c5a54512b419","name":"CT005 VALIDAR CADASTRO DE CONTA COM SUCESSO","fullName":"testathon.test.cadastro.CadastroTest.testDeveCadastrarComSucesso","historyId":"1baaf6876428c7a2aca57a21eb42f153","time":{"start":1739195391206,"stop":1739195425093,"duration":33887},"status":"broken","statusMessage":"Expected condition failed: waiting for visibility of element located by By.cssSelector: div.flex.flex-col.items-center.mt-24.gap-4 > h2 (tried for 30 second(s) with 500 milliseconds interval)\nBuild info: version: '4.17.0', revision: 'e52b1be057*'\nSystem info: os.name: 'Mac OS X', os.arch: 'aarch64', os.version: '15.3', java.version: '17.0.14'\nDriver info: jdk.proxy2.$Proxy15","statusTrace":"org.openqa.selenium.TimeoutException: Expected condition failed: waiting for visibility of element located by By.cssSelector: div.flex.flex-col.items-center.mt-24.gap-4 > h2 (tried for 30 second(s) with 500 milliseconds interval)\nBuild info: version: '4.17.0', revision: 'e52b1be057*'\nSystem info: os.name: 'Mac OS X', os.arch: 'aarch64', os.version: '15.3', java.version: '17.0.14'\nDriver info: jdk.proxy2.$Proxy15\n\tat org.openqa.selenium.support.ui.WebDriverWait.timeoutException(WebDriverWait.java:84)\n\tat org.openqa.selenium.support.ui.FluentWait.until(FluentWait.java:228)\n\tat testathon.factory.selenium.Waits.waitElement(Waits.java:13)\n\tat testathon.factory.selenium.Interactions.getText(Interactions.java:27)\n\tat testathon.page.cadastro.CadastroPage.verificarTxtMensagemSucesso(CadastroPage.java:53)\n\tat testathon.test.cadastro.CadastroTest.testDeveCadastrarComSucesso(CadastroTest.java:48)\n\tat java.base/jdk.internal.reflect.NativeMethodAccessorImpl.invoke0(Native Method)\n\tat java.base/jdk.internal.reflect.NativeMethodAccessorImpl.invoke(NativeMethodAccessorImpl.java:77)\n\tat java.base/jdk.internal.reflect.DelegatingMethodAccessorImpl.invoke(DelegatingMethodAccessorImpl.java:43)\n\tat java.base/java.lang.reflect.Method.invoke(Method.java:569)\n\tat org.testng.internal.MethodInvocationHelper.invokeMethod(MethodInvocationHelper.java:133)\n\tat org.testng.internal.TestInvoker.invokeMethod(TestInvoker.java:584)\n\tat org.testng.internal.TestInvoker.invokeTestMethod(TestInvoker.java:172)\n\tat org.testng.internal.MethodRunner.runInSequence(MethodRunner.java:46)\n\tat org.testng.internal.TestInvoker$MethodInvocationAgent.invoke(TestInvoker.java:804)\n\tat org.testng.internal.TestInvoker.invokeTestMethods(TestInvoker.java:145)\n\tat org.testng.internal.TestMethodWorker.invokeTestMethods(TestMethodWorker.java:146)\n\tat org.testng.internal.TestMethodWorker.run(TestMethodWorker.java:128)\n\tat java.base/java.util.concurrent.ThreadPoolExecutor.runWorker(ThreadPoolExecutor.java:1136)\n\tat java.base/java.util.concurrent.ThreadPoolExecutor$Worker.run(ThreadPoolExecutor.java:635)\n\tat java.base/java.lang.Thread.run(Thread.java:840)\n","flaky":false,"newFailed":false,"newBroken":false,"newPassed":false,"retriesCount":0,"retriesStatusChange":false,"beforeStages":[{"name":"abrirNavegador","time":{"start":1739195387719,"stop":1739195391191,"duration":3472},"description":"","status":"passed","steps":[],"attachments":[],"parameters":[],"stepsCount":0,"hasContent":false,"shouldDisplayMessage":false,"attachmentsCount":0,"attachmentStep":false}],"testStage":{"status":"broken","statusMessage":"Expected condition failed: waiting for visibility of element located by By.cssSelector: div.flex.flex-col.items-center.mt-24.gap-4 > h2 (tried for 30 second(s) with 500 milliseconds interval)\nBuild info: version: '4.17.0', revision: 'e52b1be057*'\nSystem info: os.name: 'Mac OS X', os.arch: 'aarch64', os.version: '15.3', java.version: '17.0.14'\nDriver info: jdk.proxy2.$Proxy15","statusTrace":"org.openqa.selenium.TimeoutException: Expected condition failed: waiting for visibility of element located by By.cssSelector: div.flex.flex-col.items-center.mt-24.gap-4 > h2 (tried for 30 second(s) with 500 milliseconds interval)\nBuild info: version: '4.17.0', revision: 'e52b1be057*'\nSystem info: os.name: 'Mac OS X', os.arch: 'aarch64', os.version: '15.3', java.version: '17.0.14'\nDriver info: jdk.proxy2.$Proxy15\n\tat org.openqa.selenium.support.ui.WebDriverWait.timeoutException(WebDriverWait.java:84)\n\tat org.openqa.selenium.support.ui.FluentWait.until(FluentWait.java:228)\n\tat testathon.factory.selenium.Waits.waitElement(Waits.java:13)\n\tat testathon.factory.selenium.Interactions.getText(Interactions.java:27)\n\tat testathon.page.cadastro.CadastroPage.verificarTxtMensagemSucesso(CadastroPage.java:53)\n\tat testathon.test.cadastro.CadastroTest.testDeveCadastrarComSucesso(CadastroTest.java:48)\n\tat java.base/jdk.internal.reflect.NativeMethodAccessorImpl.invoke0(Native Method)\n\tat java.base/jdk.internal.reflect.NativeMethodAccessorImpl.invoke(NativeMethodAccessorImpl.java:77)\n\tat java.base/jdk.internal.reflect.DelegatingMethodAccessorImpl.invoke(DelegatingMethodAccessorImpl.java:43)\n\tat java.base/java.lang.reflect.Method.invoke(Method.java:569)\n\tat org.testng.internal.MethodInvocationHelper.invokeMethod(MethodInvocationHelper.java:133)\n\tat org.testng.internal.TestInvoker.invokeMethod(TestInvoker.java:584)\n\tat org.testng.internal.TestInvoker.invokeTestMethod(TestInvoker.java:172)\n\tat org.testng.internal.MethodRunner.runInSequence(MethodRunner.java:46)\n\tat org.testng.internal.TestInvoker$MethodInvocationAgent.invoke(TestInvoker.java:804)\n\tat org.testng.internal.TestInvoker.invokeTestMethods(TestInvoker.java:145)\n\tat org.testng.internal.TestMethodWorker.invokeTestMethods(TestMethodWorker.java:146)\n\tat org.testng.internal.TestMethodWorker.run(TestMethodWorker.java:128)\n\tat java.base/java.util.concurrent.ThreadPoolExecutor.runWorker(ThreadPoolExecutor.java:1136)\n\tat java.base/java.util.concurrent.ThreadPoolExecutor$Worker.run(ThreadPoolExecutor.java:635)\n\tat java.base/java.lang.Thread.run(Thread.java:840)\n","steps":[],"attachments":[{"uid":"13943f0959433339","name":"Screenshot on Failure","source":"13943f0959433339.png","type":"image/png","size":763352}],"parameters":[],"stepsCount":0,"hasContent":true,"shouldDisplayMessage":true,"attachmentsCount":1,"attachmentStep":false},"afterStages":[{"name":"fecharNavegador","time":{"start":1739195425094,"stop":1739195425698,"duration":604},"description":"","status":"passed","steps":[],"attachments":[],"parameters":[],"stepsCount":0,"hasContent":false,"shouldDisplayMessage":false,"attachmentsCount":0,"attachmentStep":false}],"labels":[{"name":"package","value":"testathon.test.cadastro.CadastroTest"},{"name":"testClass","value":"testathon.test.cadastro.CadastroTest"},{"name":"testMethod","value":"testDeveCadastrarComSucesso"},{"name":"parentSuite","value":"TesteNG com Selenium Grid"},{"name":"suite","value":"Teste Firefox"},{"name":"subSuite","value":"testathon.test.cadastro.CadastroTest"},{"name":"host","value":"MacBook-Air-de-Renato.local"},{"name":"thread","value":"56871@MacBook-Air-de-Renato.local.TestNG-test=Teste Firefox-1(18)"},{"name":"framework","value":"testng"},{"name":"language","value":"java"},{"name":"feature","value":"Testes de Cadastro"},{"name":"severity","value":"critical"},{"name":"resultFormat","value":"allure2"}],"parameters":[{"name":"browser","value":"firefox"}],"links":[],"hidden":false,"retry":false,"extra":{"severity":"critical","retries":[],"categories":[{"name":"Test defects","matchedStatuses":[],"flaky":false}],"tags":[]},"source":"3863c5a54512b419.json","parameterValues":["firefox"]}