{"uid":"43ba65bbb62d15f2","name":"CT001.1 ALTERAR SENHA DE ACESSO PARA A MESMA","fullName":"testathon.test.perfil.PerfilAcessoTest.testTentarAlterarSenhaDeAcessoParaAMesma","historyId":"868ea5c174f74ee053c79a7c246fee27","time":{"start":1739195688880,"stop":1739195785981,"duration":97101},"status":"broken","statusMessage":"Expected condition failed: waiting for visibility of element located by By.cssSelector: input[name=cpf] (tried for 30 second(s) with 500 milliseconds interval)\nBuild info: version: '4.17.0', revision: 'e52b1be057*'\nSystem info: os.name: 'Mac OS X', os.arch: 'aarch64', os.version: '15.3', java.version: '17.0.14'\nDriver info: jdk.proxy2.$Proxy15","statusTrace":"org.openqa.selenium.TimeoutException: Expected condition failed: waiting for visibility of element located by By.cssSelector: input[name=cpf] (tried for 30 second(s) with 500 milliseconds interval)\nBuild info: version: '4.17.0', revision: 'e52b1be057*'\nSystem info: os.name: 'Mac OS X', os.arch: 'aarch64', os.version: '15.3', java.version: '17.0.14'\nDriver info: jdk.proxy2.$Proxy15\n\tat org.openqa.selenium.support.ui.WebDriverWait.timeoutException(WebDriverWait.java:84)\n\tat org.openqa.selenium.support.ui.FluentWait.until(FluentWait.java:228)\n\tat testathon.factory.selenium.Waits.waitElement(Waits.java:13)\n\tat testathon.factory.selenium.Interactions.sendKeys(Interactions.java:17)\n\tat testathon.page.login.LoginPage.preencherCampoCpf(LoginPage.java:30)\n\tat testathon.page.login.LoginPage.cadastrarELogar(LoginPage.java:66)\n\tat testathon.test.perfil.PerfilAcessoTest.testTentarAlterarSenhaDeAcessoParaAMesma(PerfilAcessoTest.java:46)\n\tat java.base/jdk.internal.reflect.NativeMethodAccessorImpl.invoke0(Native Method)\n\tat java.base/jdk.internal.reflect.NativeMethodAccessorImpl.invoke(NativeMethodAccessorImpl.java:77)\n\tat java.base/jdk.internal.reflect.DelegatingMethodAccessorImpl.invoke(DelegatingMethodAccessorImpl.java:43)\n\tat java.base/java.lang.reflect.Method.invoke(Method.java:569)\n\tat org.testng.internal.MethodInvocationHelper.invokeMethod(MethodInvocationHelper.java:133)\n\tat org.testng.internal.TestInvoker.invokeMethod(TestInvoker.java:584)\n\tat org.testng.internal.TestInvoker.invokeTestMethod(TestInvoker.java:172)\n\tat org.testng.internal.MethodRunner.runInSequence(MethodRunner.java:46)\n\tat org.testng.internal.TestInvoker$MethodInvocationAgent.invoke(TestInvoker.java:804)\n\tat org.testng.internal.TestInvoker.invokeTestMethods(TestInvoker.java:145)\n\tat org.testng.internal.TestMethodWorker.invokeTestMethods(TestMethodWorker.java:146)\n\tat org.testng.internal.TestMethodWorker.run(TestMethodWorker.java:128)\n\tat java.base/java.util.concurrent.ThreadPoolExecutor.runWorker(ThreadPoolExecutor.java:1136)\n\tat java.base/java.util.concurrent.ThreadPoolExecutor$Worker.run(ThreadPoolExecutor.java:635)\n\tat java.base/java.lang.Thread.run(Thread.java:840)\n","flaky":false,"newFailed":false,"newBroken":false,"newPassed":false,"retriesCount":0,"retriesStatusChange":false,"beforeStages":[{"name":"abrirNavegador","time":{"start":1739195687731,"stop":1739195688871,"duration":1140},"description":"","status":"passed","steps":[],"attachments":[],"parameters":[],"stepsCount":0,"hasContent":false,"shouldDisplayMessage":false,"attachmentsCount":0,"attachmentStep":false}],"testStage":{"status":"broken","statusMessage":"Expected condition failed: waiting for visibility of element located by By.cssSelector: input[name=cpf] (tried for 30 second(s) with 500 milliseconds interval)\nBuild info: version: '4.17.0', revision: 'e52b1be057*'\nSystem info: os.name: 'Mac OS X', os.arch: 'aarch64', os.version: '15.3', java.version: '17.0.14'\nDriver info: jdk.proxy2.$Proxy15","statusTrace":"org.openqa.selenium.TimeoutException: Expected condition failed: waiting for visibility of element located by By.cssSelector: input[name=cpf] (tried for 30 second(s) with 500 milliseconds interval)\nBuild info: version: '4.17.0', revision: 'e52b1be057*'\nSystem info: os.name: 'Mac OS X', os.arch: 'aarch64', os.version: '15.3', java.version: '17.0.14'\nDriver info: jdk.proxy2.$Proxy15\n\tat org.openqa.selenium.support.ui.WebDriverWait.timeoutException(WebDriverWait.java:84)\n\tat org.openqa.selenium.support.ui.FluentWait.until(FluentWait.java:228)\n\tat testathon.factory.selenium.Waits.waitElement(Waits.java:13)\n\tat testathon.factory.selenium.Interactions.sendKeys(Interactions.java:17)\n\tat testathon.page.login.LoginPage.preencherCampoCpf(LoginPage.java:30)\n\tat testathon.page.login.LoginPage.cadastrarELogar(LoginPage.java:66)\n\tat testathon.test.perfil.PerfilAcessoTest.testTentarAlterarSenhaDeAcessoParaAMesma(PerfilAcessoTest.java:46)\n\tat java.base/jdk.internal.reflect.NativeMethodAccessorImpl.invoke0(Native Method)\n\tat java.base/jdk.internal.reflect.NativeMethodAccessorImpl.invoke(NativeMethodAccessorImpl.java:77)\n\tat java.base/jdk.internal.reflect.DelegatingMethodAccessorImpl.invoke(DelegatingMethodAccessorImpl.java:43)\n\tat java.base/java.lang.reflect.Method.invoke(Method.java:569)\n\tat org.testng.internal.MethodInvocationHelper.invokeMethod(MethodInvocationHelper.java:133)\n\tat org.testng.internal.TestInvoker.invokeMethod(TestInvoker.java:584)\n\tat org.testng.internal.TestInvoker.invokeTestMethod(TestInvoker.java:172)\n\tat org.testng.internal.MethodRunner.runInSequence(MethodRunner.java:46)\n\tat org.testng.internal.TestInvoker$MethodInvocationAgent.invoke(TestInvoker.java:804)\n\tat org.testng.internal.TestInvoker.invokeTestMethods(TestInvoker.java:145)\n\tat org.testng.internal.TestMethodWorker.invokeTestMethods(TestMethodWorker.java:146)\n\tat org.testng.internal.TestMethodWorker.run(TestMethodWorker.java:128)\n\tat java.base/java.util.concurrent.ThreadPoolExecutor.runWorker(ThreadPoolExecutor.java:1136)\n\tat java.base/java.util.concurrent.ThreadPoolExecutor$Worker.run(ThreadPoolExecutor.java:635)\n\tat java.base/java.lang.Thread.run(Thread.java:840)\n","steps":[],"attachments":[{"uid":"461ad5d65520337d","name":"Screenshot on Failure","source":"461ad5d65520337d.png","type":"image/png","size":1166844}],"parameters":[],"stepsCount":0,"hasContent":true,"shouldDisplayMessage":true,"attachmentsCount":1,"attachmentStep":false},"afterStages":[{"name":"fecharNavegador","time":{"start":1739195786444,"stop":1739195786579,"duration":135},"description":"","status":"passed","steps":[],"attachments":[],"parameters":[],"stepsCount":0,"hasContent":false,"shouldDisplayMessage":false,"attachmentsCount":0,"attachmentStep":false}],"labels":[{"name":"package","value":"testathon.test.perfil.PerfilAcessoTest"},{"name":"testClass","value":"testathon.test.perfil.PerfilAcessoTest"},{"name":"testMethod","value":"testTentarAlterarSenhaDeAcessoParaAMesma"},{"name":"parentSuite","value":"TesteNG com Selenium Grid"},{"name":"suite","value":"Teste Chrome"},{"name":"subSuite","value":"testathon.test.perfil.PerfilAcessoTest"},{"name":"host","value":"MacBook-Air-de-Renato.local"},{"name":"thread","value":"56871@MacBook-Air-de-Renato.local.TestNG-test=Teste Chrome-1(19)"},{"name":"framework","value":"testng"},{"name":"language","value":"java"},{"name":"feature","value":"Testes de Alterar Senha"},{"name":"severity","value":"critical"},{"name":"resultFormat","value":"allure2"}],"parameters":[{"name":"browser","value":"chrome"}],"links":[],"hidden":false,"retry":false,"extra":{"severity":"critical","retries":[],"categories":[{"name":"Test defects","matchedStatuses":[],"flaky":false}],"tags":[]},"source":"43ba65bbb62d15f2.json","parameterValues":["chrome"]}