{"uid":"456fa43b7ce63160","name":"CT003.3 REALIZAR LOGIN COM CPF EM BRANCO","fullName":"testathon.test.login.LoginTest.testTentarFazerLoginComCpfEmBranco","historyId":"7c596ba2fcacb1114c74ab58bf834663","time":{"start":1739195956735,"stop":1739195987903,"duration":31168},"status":"broken","statusMessage":"Expected condition failed: waiting for condition to not be valid: element to be clickable: By.cssSelector: div > form > button (tried for 30 second(s) with 500 milliseconds interval)\nBuild info: version: '4.17.0', revision: 'e52b1be057*'\nSystem info: os.name: 'Mac OS X', os.arch: 'aarch64', os.version: '15.3', java.version: '17.0.14'\nDriver info: jdk.proxy2.$Proxy15","statusTrace":"org.openqa.selenium.TimeoutException: Expected condition failed: waiting for condition to not be valid: element to be clickable: By.cssSelector: div > form > button (tried for 30 second(s) with 500 milliseconds interval)\nBuild info: version: '4.17.0', revision: 'e52b1be057*'\nSystem info: os.name: 'Mac OS X', os.arch: 'aarch64', os.version: '15.3', java.version: '17.0.14'\nDriver info: jdk.proxy2.$Proxy15\n\tat org.openqa.selenium.support.ui.WebDriverWait.timeoutException(WebDriverWait.java:84)\n\tat org.openqa.selenium.support.ui.FluentWait.until(FluentWait.java:228)\n\tat testathon.factory.selenium.Waits.esperarBotaoNaoClicavel(Waits.java:33)\n\tat testathon.factory.selenium.Interactions.waitBtnNonClicked(Interactions.java:37)\n\tat testathon.page.login.LoginPage.esperarBtnLoginNaoClicavel(LoginPage.java:55)\n\tat testathon.test.login.LoginTest.testTentarFazerLoginComCpfEmBranco(LoginTest.java:64)\n\tat java.base/jdk.internal.reflect.NativeMethodAccessorImpl.invoke0(Native Method)\n\tat java.base/jdk.internal.reflect.NativeMethodAccessorImpl.invoke(NativeMethodAccessorImpl.java:77)\n\tat java.base/jdk.internal.reflect.DelegatingMethodAccessorImpl.invoke(DelegatingMethodAccessorImpl.java:43)\n\tat java.base/java.lang.reflect.Method.invoke(Method.java:569)\n\tat org.testng.internal.MethodInvocationHelper.invokeMethod(MethodInvocationHelper.java:133)\n\tat org.testng.internal.TestInvoker.invokeMethod(TestInvoker.java:584)\n\tat org.testng.internal.TestInvoker.invokeTestMethod(TestInvoker.java:172)\n\tat org.testng.internal.MethodRunner.runInSequence(MethodRunner.java:46)\n\tat org.testng.internal.TestInvoker$MethodInvocationAgent.invoke(TestInvoker.java:804)\n\tat org.testng.internal.TestInvoker.invokeTestMethods(TestInvoker.java:145)\n\tat org.testng.internal.TestMethodWorker.invokeTestMethods(TestMethodWorker.java:146)\n\tat org.testng.internal.TestMethodWorker.run(TestMethodWorker.java:128)\n\tat java.base/java.util.concurrent.ThreadPoolExecutor.runWorker(ThreadPoolExecutor.java:1136)\n\tat java.base/java.util.concurrent.ThreadPoolExecutor$Worker.run(ThreadPoolExecutor.java:635)\n\tat java.base/java.lang.Thread.run(Thread.java:840)\n","flaky":false,"newFailed":false,"newBroken":false,"newPassed":false,"retriesCount":0,"retriesStatusChange":false,"beforeStages":[{"name":"abrirNavegador","time":{"start":1739195955247,"stop":1739195956725,"duration":1478},"description":"","status":"passed","steps":[],"attachments":[],"parameters":[],"stepsCount":0,"hasContent":false,"shouldDisplayMessage":false,"attachmentsCount":0,"attachmentStep":false}],"testStage":{"status":"broken","statusMessage":"Expected condition failed: waiting for condition to not be valid: element to be clickable: By.cssSelector: div > form > button (tried for 30 second(s) with 500 milliseconds interval)\nBuild info: version: '4.17.0', revision: 'e52b1be057*'\nSystem info: os.name: 'Mac OS X', os.arch: 'aarch64', os.version: '15.3', java.version: '17.0.14'\nDriver info: jdk.proxy2.$Proxy15","statusTrace":"org.openqa.selenium.TimeoutException: Expected condition failed: waiting for condition to not be valid: element to be clickable: By.cssSelector: div > form > button (tried for 30 second(s) with 500 milliseconds interval)\nBuild info: version: '4.17.0', revision: 'e52b1be057*'\nSystem info: os.name: 'Mac OS X', os.arch: 'aarch64', os.version: '15.3', java.version: '17.0.14'\nDriver info: jdk.proxy2.$Proxy15\n\tat org.openqa.selenium.support.ui.WebDriverWait.timeoutException(WebDriverWait.java:84)\n\tat org.openqa.selenium.support.ui.FluentWait.until(FluentWait.java:228)\n\tat testathon.factory.selenium.Waits.esperarBotaoNaoClicavel(Waits.java:33)\n\tat testathon.factory.selenium.Interactions.waitBtnNonClicked(Interactions.java:37)\n\tat testathon.page.login.LoginPage.esperarBtnLoginNaoClicavel(LoginPage.java:55)\n\tat testathon.test.login.LoginTest.testTentarFazerLoginComCpfEmBranco(LoginTest.java:64)\n\tat java.base/jdk.internal.reflect.NativeMethodAccessorImpl.invoke0(Native Method)\n\tat java.base/jdk.internal.reflect.NativeMethodAccessorImpl.invoke(NativeMethodAccessorImpl.java:77)\n\tat java.base/jdk.internal.reflect.DelegatingMethodAccessorImpl.invoke(DelegatingMethodAccessorImpl.java:43)\n\tat java.base/java.lang.reflect.Method.invoke(Method.java:569)\n\tat org.testng.internal.MethodInvocationHelper.invokeMethod(MethodInvocationHelper.java:133)\n\tat org.testng.internal.TestInvoker.invokeMethod(TestInvoker.java:584)\n\tat org.testng.internal.TestInvoker.invokeTestMethod(TestInvoker.java:172)\n\tat org.testng.internal.MethodRunner.runInSequence(MethodRunner.java:46)\n\tat org.testng.internal.TestInvoker$MethodInvocationAgent.invoke(TestInvoker.java:804)\n\tat org.testng.internal.TestInvoker.invokeTestMethods(TestInvoker.java:145)\n\tat org.testng.internal.TestMethodWorker.invokeTestMethods(TestMethodWorker.java:146)\n\tat org.testng.internal.TestMethodWorker.run(TestMethodWorker.java:128)\n\tat java.base/java.util.concurrent.ThreadPoolExecutor.runWorker(ThreadPoolExecutor.java:1136)\n\tat java.base/java.util.concurrent.ThreadPoolExecutor$Worker.run(ThreadPoolExecutor.java:635)\n\tat java.base/java.lang.Thread.run(Thread.java:840)\n","steps":[],"attachments":[{"uid":"c1ed6c301d583265","name":"Screenshot on Failure","source":"c1ed6c301d583265.png","type":"image/png","size":2032618}],"parameters":[],"stepsCount":0,"hasContent":true,"shouldDisplayMessage":true,"attachmentsCount":1,"attachmentStep":false},"afterStages":[{"name":"fecharNavegador","time":{"start":1739195988792,"stop":1739195988888,"duration":96},"description":"","status":"passed","steps":[],"attachments":[],"parameters":[],"stepsCount":0,"hasContent":false,"shouldDisplayMessage":false,"attachmentsCount":0,"attachmentStep":false}],"labels":[{"name":"package","value":"testathon.test.login.LoginTest"},{"name":"testClass","value":"testathon.test.login.LoginTest"},{"name":"testMethod","value":"testTentarFazerLoginComCpfEmBranco"},{"name":"parentSuite","value":"TesteNG com Selenium Grid"},{"name":"suite","value":"Teste Chrome"},{"name":"subSuite","value":"testathon.test.login.LoginTest"},{"name":"host","value":"MacBook-Air-de-Renato.local"},{"name":"thread","value":"56871@MacBook-Air-de-Renato.local.TestNG-test=Teste Chrome-1(19)"},{"name":"framework","value":"testng"},{"name":"language","value":"java"},{"name":"feature","value":"Testes de Login"},{"name":"severity","value":"normal"},{"name":"resultFormat","value":"allure2"}],"parameters":[{"name":"browser","value":"chrome"}],"links":[],"hidden":false,"retry":false,"extra":{"severity":"normal","retries":[],"categories":[{"name":"Test defects","matchedStatuses":[],"flaky":false}],"tags":[]},"source":"456fa43b7ce63160.json","parameterValues":["chrome"]}