{"uid":"789f7397b31021e8","name":"CT001 ALTERAR SENHA DE ACESSO COM SUCESSO","fullName":"testathon.test.perfil.PerfilAcessoTest.testDeveAlterarSenhaDeAcesso","historyId":"52e384ec1b416b46764942a351d69df2","time":{"start":1739195310138,"stop":1739195341965,"duration":31827},"status":"broken","statusMessage":"Expected condition failed: waiting for visibility of element located by By.cssSelector: div.w-full.flex.justify-end.mt-14 > button.items-center.justify-center.whitespace-nowrap.rounded-md.text-sm.font-medium.transition-colors.focus-visible\\:outline-none.focus-visible\\:ring-1.focus-visible\\:ring-ring.disabled\\:pointer-events-none.disabled\\:opacity-50.shadow.h-9.px-4.py-2.bg-white.text-primary.hover\\:bg-white.flex.gap-2 (tried for 30 second(s) with 500 milliseconds interval)\nBuild info: version: '4.17.0', revision: 'e52b1be057*'\nSystem info: os.name: 'Mac OS X', os.arch: 'aarch64', os.version: '15.3', java.version: '17.0.14'\nDriver info: jdk.proxy2.$Proxy15","statusTrace":"org.openqa.selenium.TimeoutException: Expected condition failed: waiting for visibility of element located by By.cssSelector: div.w-full.flex.justify-end.mt-14 > button.items-center.justify-center.whitespace-nowrap.rounded-md.text-sm.font-medium.transition-colors.focus-visible\\:outline-none.focus-visible\\:ring-1.focus-visible\\:ring-ring.disabled\\:pointer-events-none.disabled\\:opacity-50.shadow.h-9.px-4.py-2.bg-white.text-primary.hover\\:bg-white.flex.gap-2 (tried for 30 second(s) with 500 milliseconds interval)\nBuild info: version: '4.17.0', revision: 'e52b1be057*'\nSystem info: os.name: 'Mac OS X', os.arch: 'aarch64', os.version: '15.3', java.version: '17.0.14'\nDriver info: jdk.proxy2.$Proxy15\n\tat org.openqa.selenium.support.ui.WebDriverWait.timeoutException(WebDriverWait.java:84)\n\tat org.openqa.selenium.support.ui.FluentWait.until(FluentWait.java:228)\n\tat testathon.factory.selenium.Waits.waitElement(Waits.java:13)\n\tat testathon.factory.selenium.Interactions.click(Interactions.java:22)\n\tat testathon.page.cadastro.CadastroPage.clicarConcluirCadastro(CadastroPage.java:50)\n\tat testathon.page.cadastro.CadastroPage.fazerCadastroComDadosValidos(CadastroPage.java:81)\n\tat testathon.page.login.LoginPage.cadastrarELogar(LoginPage.java:63)\n\tat testathon.test.perfil.PerfilAcessoTest.testDeveAlterarSenhaDeAcesso(PerfilAcessoTest.java:29)\n\tat java.base/jdk.internal.reflect.NativeMethodAccessorImpl.invoke0(Native Method)\n\tat java.base/jdk.internal.reflect.NativeMethodAccessorImpl.invoke(NativeMethodAccessorImpl.java:77)\n\tat java.base/jdk.internal.reflect.DelegatingMethodAccessorImpl.invoke(DelegatingMethodAccessorImpl.java:43)\n\tat java.base/java.lang.reflect.Method.invoke(Method.java:569)\n\tat org.testng.internal.MethodInvocationHelper.invokeMethod(MethodInvocationHelper.java:133)\n\tat org.testng.internal.TestInvoker.invokeMethod(TestInvoker.java:584)\n\tat org.testng.internal.TestInvoker.invokeTestMethod(TestInvoker.java:172)\n\tat org.testng.internal.MethodRunner.runInSequence(MethodRunner.java:46)\n\tat org.testng.internal.TestInvoker$MethodInvocationAgent.invoke(TestInvoker.java:804)\n\tat org.testng.internal.TestInvoker.invokeTestMethods(TestInvoker.java:145)\n\tat org.testng.internal.TestMethodWorker.invokeTestMethods(TestMethodWorker.java:146)\n\tat org.testng.internal.TestMethodWorker.run(TestMethodWorker.java:128)\n\tat java.base/java.util.concurrent.ThreadPoolExecutor.runWorker(ThreadPoolExecutor.java:1136)\n\tat java.base/java.util.concurrent.ThreadPoolExecutor$Worker.run(ThreadPoolExecutor.java:635)\n\tat java.base/java.lang.Thread.run(Thread.java:840)\n","flaky":false,"newFailed":false,"newBroken":false,"newPassed":false,"retriesCount":0,"retriesStatusChange":false,"beforeStages":[{"name":"abrirNavegador","time":{"start":1739195306871,"stop":1739195310126,"duration":3255},"description":"","status":"passed","steps":[],"attachments":[],"parameters":[],"stepsCount":0,"hasContent":false,"shouldDisplayMessage":false,"attachmentsCount":0,"attachmentStep":false}],"testStage":{"status":"broken","statusMessage":"Expected condition failed: waiting for visibility of element located by By.cssSelector: div.w-full.flex.justify-end.mt-14 > button.items-center.justify-center.whitespace-nowrap.rounded-md.text-sm.font-medium.transition-colors.focus-visible\\:outline-none.focus-visible\\:ring-1.focus-visible\\:ring-ring.disabled\\:pointer-events-none.disabled\\:opacity-50.shadow.h-9.px-4.py-2.bg-white.text-primary.hover\\:bg-white.flex.gap-2 (tried for 30 second(s) with 500 milliseconds interval)\nBuild info: version: '4.17.0', revision: 'e52b1be057*'\nSystem info: os.name: 'Mac OS X', os.arch: 'aarch64', os.version: '15.3', java.version: '17.0.14'\nDriver info: jdk.proxy2.$Proxy15","statusTrace":"org.openqa.selenium.TimeoutException: Expected condition failed: waiting for visibility of element located by By.cssSelector: div.w-full.flex.justify-end.mt-14 > button.items-center.justify-center.whitespace-nowrap.rounded-md.text-sm.font-medium.transition-colors.focus-visible\\:outline-none.focus-visible\\:ring-1.focus-visible\\:ring-ring.disabled\\:pointer-events-none.disabled\\:opacity-50.shadow.h-9.px-4.py-2.bg-white.text-primary.hover\\:bg-white.flex.gap-2 (tried for 30 second(s) with 500 milliseconds interval)\nBuild info: version: '4.17.0', revision: 'e52b1be057*'\nSystem info: os.name: 'Mac OS X', os.arch: 'aarch64', os.version: '15.3', java.version: '17.0.14'\nDriver info: jdk.proxy2.$Proxy15\n\tat org.openqa.selenium.support.ui.WebDriverWait.timeoutException(WebDriverWait.java:84)\n\tat org.openqa.selenium.support.ui.FluentWait.until(FluentWait.java:228)\n\tat testathon.factory.selenium.Waits.waitElement(Waits.java:13)\n\tat testathon.factory.selenium.Interactions.click(Interactions.java:22)\n\tat testathon.page.cadastro.CadastroPage.clicarConcluirCadastro(CadastroPage.java:50)\n\tat testathon.page.cadastro.CadastroPage.fazerCadastroComDadosValidos(CadastroPage.java:81)\n\tat testathon.page.login.LoginPage.cadastrarELogar(LoginPage.java:63)\n\tat testathon.test.perfil.PerfilAcessoTest.testDeveAlterarSenhaDeAcesso(PerfilAcessoTest.java:29)\n\tat java.base/jdk.internal.reflect.NativeMethodAccessorImpl.invoke0(Native Method)\n\tat java.base/jdk.internal.reflect.NativeMethodAccessorImpl.invoke(NativeMethodAccessorImpl.java:77)\n\tat java.base/jdk.internal.reflect.DelegatingMethodAccessorImpl.invoke(DelegatingMethodAccessorImpl.java:43)\n\tat java.base/java.lang.reflect.Method.invoke(Method.java:569)\n\tat org.testng.internal.MethodInvocationHelper.invokeMethod(MethodInvocationHelper.java:133)\n\tat org.testng.internal.TestInvoker.invokeMethod(TestInvoker.java:584)\n\tat org.testng.internal.TestInvoker.invokeTestMethod(TestInvoker.java:172)\n\tat org.testng.internal.MethodRunner.runInSequence(MethodRunner.java:46)\n\tat org.testng.internal.TestInvoker$MethodInvocationAgent.invoke(TestInvoker.java:804)\n\tat org.testng.internal.TestInvoker.invokeTestMethods(TestInvoker.java:145)\n\tat org.testng.internal.TestMethodWorker.invokeTestMethods(TestMethodWorker.java:146)\n\tat org.testng.internal.TestMethodWorker.run(TestMethodWorker.java:128)\n\tat java.base/java.util.concurrent.ThreadPoolExecutor.runWorker(ThreadPoolExecutor.java:1136)\n\tat java.base/java.util.concurrent.ThreadPoolExecutor$Worker.run(ThreadPoolExecutor.java:635)\n\tat java.base/java.lang.Thread.run(Thread.java:840)\n","steps":[],"attachments":[{"uid":"4da5ee42c5b91f7a","name":"Screenshot on Failure","source":"4da5ee42c5b91f7a.png","type":"image/png","size":774294}],"parameters":[],"stepsCount":0,"hasContent":true,"shouldDisplayMessage":true,"attachmentsCount":1,"attachmentStep":false},"afterStages":[{"name":"fecharNavegador","time":{"start":1739195341967,"stop":1739195342576,"duration":609},"description":"","status":"passed","steps":[],"attachments":[],"parameters":[],"stepsCount":0,"hasContent":false,"shouldDisplayMessage":false,"attachmentsCount":0,"attachmentStep":false}],"labels":[{"name":"package","value":"testathon.test.perfil.PerfilAcessoTest"},{"name":"testClass","value":"testathon.test.perfil.PerfilAcessoTest"},{"name":"testMethod","value":"testDeveAlterarSenhaDeAcesso"},{"name":"parentSuite","value":"TesteNG com Selenium Grid"},{"name":"suite","value":"Teste Firefox"},{"name":"subSuite","value":"testathon.test.perfil.PerfilAcessoTest"},{"name":"host","value":"MacBook-Air-de-Renato.local"},{"name":"thread","value":"56871@MacBook-Air-de-Renato.local.TestNG-test=Teste Firefox-1(18)"},{"name":"framework","value":"testng"},{"name":"language","value":"java"},{"name":"feature","value":"Testes de Alterar Senha"},{"name":"severity","value":"critical"},{"name":"resultFormat","value":"allure2"}],"parameters":[{"name":"browser","value":"firefox"}],"links":[],"hidden":false,"retry":false,"extra":{"severity":"critical","retries":[],"categories":[{"name":"Test defects","matchedStatuses":[],"flaky":false}],"tags":[]},"source":"789f7397b31021e8.json","parameterValues":["firefox"]}