{"uid":"dbe63a3989ef3c7b","name":"CT004 REALIZAR SAQUE COM SUCESSO","fullName":"testathon.test.saque.SaqueTest.testDeveFazerSaqueComSucesso","historyId":"9e544f029d3466c7addb961f06196f4a","time":{"start":1739195509758,"stop":1739195548249,"duration":38491},"status":"failed","statusMessage":"expected [Saque realizado com sucesso] but found [Sacar]","statusTrace":"java.lang.AssertionError: expected [Saque realizado com sucesso] but found [Sacar]\n\tat org.testng.Assert.fail(Assert.java:97)\n\tat org.testng.Assert.assertEqualsImpl(Assert.java:136)\n\tat org.testng.Assert.assertEquals(Assert.java:118)\n\tat org.testng.Assert.assertEquals(Assert.java:575)\n\tat org.testng.Assert.assertEquals(Assert.java:585)\n\tat testathon.test.saque.SaqueTest.testDeveFazerSaqueComSucesso(SaqueTest.java:59)\n\tat java.base/jdk.internal.reflect.NativeMethodAccessorImpl.invoke0(Native Method)\n\tat java.base/jdk.internal.reflect.NativeMethodAccessorImpl.invoke(NativeMethodAccessorImpl.java:77)\n\tat java.base/jdk.internal.reflect.DelegatingMethodAccessorImpl.invoke(DelegatingMethodAccessorImpl.java:43)\n\tat java.base/java.lang.reflect.Method.invoke(Method.java:569)\n\tat org.testng.internal.MethodInvocationHelper.invokeMethod(MethodInvocationHelper.java:133)\n\tat org.testng.internal.TestInvoker.invokeMethod(TestInvoker.java:584)\n\tat org.testng.internal.TestInvoker.invokeTestMethod(TestInvoker.java:172)\n\tat org.testng.internal.MethodRunner.runInSequence(MethodRunner.java:46)\n\tat org.testng.internal.TestInvoker$MethodInvocationAgent.invoke(TestInvoker.java:804)\n\tat org.testng.internal.TestInvoker.invokeTestMethods(TestInvoker.java:145)\n\tat org.testng.internal.TestMethodWorker.invokeTestMethods(TestMethodWorker.java:146)\n\tat org.testng.internal.TestMethodWorker.run(TestMethodWorker.java:128)\n\tat java.base/java.util.concurrent.ThreadPoolExecutor.runWorker(ThreadPoolExecutor.java:1136)\n\tat java.base/java.util.concurrent.ThreadPoolExecutor$Worker.run(ThreadPoolExecutor.java:635)\n\tat java.base/java.lang.Thread.run(Thread.java:840)\n","flaky":false,"newFailed":false,"newBroken":false,"newPassed":false,"retriesCount":0,"retriesStatusChange":false,"beforeStages":[{"name":"abrirNavegador","time":{"start":1739195500158,"stop":1739195501256,"duration":1098},"description":"","status":"passed","steps":[],"attachments":[],"parameters":[],"stepsCount":0,"hasContent":false,"shouldDisplayMessage":false,"attachmentsCount":0,"attachmentStep":false},{"name":"setUp","time":{"start":1739195501257,"stop":1739195509745,"duration":8488},"description":"","status":"passed","steps":[],"attachments":[],"parameters":[],"stepsCount":0,"hasContent":false,"shouldDisplayMessage":false,"attachmentsCount":0,"attachmentStep":false}],"testStage":{"status":"failed","statusMessage":"expected [Saque realizado com sucesso] but found [Sacar]","statusTrace":"java.lang.AssertionError: expected [Saque realizado com sucesso] but found [Sacar]\n\tat org.testng.Assert.fail(Assert.java:97)\n\tat org.testng.Assert.assertEqualsImpl(Assert.java:136)\n\tat org.testng.Assert.assertEquals(Assert.java:118)\n\tat org.testng.Assert.assertEquals(Assert.java:575)\n\tat org.testng.Assert.assertEquals(Assert.java:585)\n\tat testathon.test.saque.SaqueTest.testDeveFazerSaqueComSucesso(SaqueTest.java:59)\n\tat java.base/jdk.internal.reflect.NativeMethodAccessorImpl.invoke0(Native Method)\n\tat java.base/jdk.internal.reflect.NativeMethodAccessorImpl.invoke(NativeMethodAccessorImpl.java:77)\n\tat java.base/jdk.internal.reflect.DelegatingMethodAccessorImpl.invoke(DelegatingMethodAccessorImpl.java:43)\n\tat java.base/java.lang.reflect.Method.invoke(Method.java:569)\n\tat org.testng.internal.MethodInvocationHelper.invokeMethod(MethodInvocationHelper.java:133)\n\tat org.testng.internal.TestInvoker.invokeMethod(TestInvoker.java:584)\n\tat org.testng.internal.TestInvoker.invokeTestMethod(TestInvoker.java:172)\n\tat org.testng.internal.MethodRunner.runInSequence(MethodRunner.java:46)\n\tat org.testng.internal.TestInvoker$MethodInvocationAgent.invoke(TestInvoker.java:804)\n\tat org.testng.internal.TestInvoker.invokeTestMethods(TestInvoker.java:145)\n\tat org.testng.internal.TestMethodWorker.invokeTestMethods(TestMethodWorker.java:146)\n\tat org.testng.internal.TestMethodWorker.run(TestMethodWorker.java:128)\n\tat java.base/java.util.concurrent.ThreadPoolExecutor.runWorker(ThreadPoolExecutor.java:1136)\n\tat java.base/java.util.concurrent.ThreadPoolExecutor$Worker.run(ThreadPoolExecutor.java:635)\n\tat java.base/java.lang.Thread.run(Thread.java:840)\n","steps":[],"attachments":[{"uid":"26aa4e1cfc1bf7ca","name":"Screenshot on Failure","source":"26aa4e1cfc1bf7ca.png","type":"image/png","size":135360}],"parameters":[],"stepsCount":0,"hasContent":true,"shouldDisplayMessage":true,"attachmentsCount":1,"attachmentStep":false},"afterStages":[{"name":"fecharNavegador","time":{"start":1739195548455,"stop":1739195548560,"duration":105},"description":"","status":"passed","steps":[],"attachments":[],"parameters":[],"stepsCount":0,"hasContent":false,"shouldDisplayMessage":false,"attachmentsCount":0,"attachmentStep":false}],"labels":[{"name":"package","value":"testathon.test.saque.SaqueTest"},{"name":"testClass","value":"testathon.test.saque.SaqueTest"},{"name":"testMethod","value":"testDeveFazerSaqueComSucesso"},{"name":"parentSuite","value":"TesteNG com Selenium Grid"},{"name":"suite","value":"Teste Chrome"},{"name":"subSuite","value":"testathon.test.saque.SaqueTest"},{"name":"host","value":"MacBook-Air-de-Renato.local"},{"name":"thread","value":"56871@MacBook-Air-de-Renato.local.TestNG-test=Teste Chrome-1(19)"},{"name":"framework","value":"testng"},{"name":"language","value":"java"},{"name":"feature","value":"Testes de Saque"},{"name":"severity","value":"critical"},{"name":"resultFormat","value":"allure2"}],"parameters":[{"name":"browser","value":"chrome"}],"links":[],"hidden":false,"retry":false,"extra":{"severity":"critical","retries":[],"categories":[{"name":"Product defects","matchedStatuses":[],"flaky":false}],"tags":[]},"source":"dbe63a3989ef3c7b.json","parameterValues":["chrome"]}