{"uid":"e304a233e053cf1d","name":"CT001.3 ALTERAR SENHA DE ACESSO PARA SENHAS NO FORMATO INVALIDO","fullName":"testathon.test.perfil.PerfilAcessoTest.testTentarAlterarSenhaDeAcessoParaSenhasNoFormatoInvalido","historyId":"9573b17c1e6c677466e6019a8429c7d9","time":{"start":1739196001890,"stop":1739196098941,"duration":97051},"status":"broken","statusMessage":"Expected condition failed: waiting for visibility of element located by By.cssSelector: input[name=cpf] (tried for 30 second(s) with 500 milliseconds interval)\nBuild info: version: '4.17.0', revision: 'e52b1be057*'\nSystem info: os.name: 'Mac OS X', os.arch: 'aarch64', os.version: '15.3', java.version: '17.0.14'\nDriver info: jdk.proxy2.$Proxy15","statusTrace":"org.openqa.selenium.TimeoutException: Expected condition failed: waiting for visibility of element located by By.cssSelector: input[name=cpf] (tried for 30 second(s) with 500 milliseconds interval)\nBuild info: version: '4.17.0', revision: 'e52b1be057*'\nSystem info: os.name: 'Mac OS X', os.arch: 'aarch64', os.version: '15.3', java.version: '17.0.14'\nDriver info: jdk.proxy2.$Proxy15\n\tat org.openqa.selenium.support.ui.WebDriverWait.timeoutException(WebDriverWait.java:84)\n\tat org.openqa.selenium.support.ui.FluentWait.until(FluentWait.java:228)\n\tat testathon.factory.selenium.Waits.waitElement(Waits.java:13)\n\tat testathon.factory.selenium.Interactions.sendKeys(Interactions.java:17)\n\tat testathon.page.login.LoginPage.preencherCampoCpf(LoginPage.java:30)\n\tat testathon.page.login.LoginPage.cadastrarELogar(LoginPage.java:66)\n\tat testathon.test.perfil.PerfilAcessoTest.testTentarAlterarSenhaDeAcessoParaSenhasNoFormatoInvalido(PerfilAcessoTest.java:78)\n\tat java.base/jdk.internal.reflect.NativeMethodAccessorImpl.invoke0(Native Method)\n\tat java.base/jdk.internal.reflect.NativeMethodAccessorImpl.invoke(NativeMethodAccessorImpl.java:77)\n\tat java.base/jdk.internal.reflect.DelegatingMethodAccessorImpl.invoke(DelegatingMethodAccessorImpl.java:43)\n\tat java.base/java.lang.reflect.Method.invoke(Method.java:569)\n\tat org.testng.internal.MethodInvocationHelper.invokeMethod(MethodInvocationHelper.java:133)\n\tat org.testng.internal.TestInvoker.invokeMethod(TestInvoker.java:584)\n\tat org.testng.internal.TestInvoker.invokeTestMethod(TestInvoker.java:172)\n\tat org.testng.internal.MethodRunner.runInSequence(MethodRunner.java:46)\n\tat org.testng.internal.TestInvoker$MethodInvocationAgent.invoke(TestInvoker.java:804)\n\tat org.testng.internal.TestInvoker.invokeTestMethods(TestInvoker.java:145)\n\tat org.testng.internal.TestMethodWorker.invokeTestMethods(TestMethodWorker.java:146)\n\tat org.testng.internal.TestMethodWorker.run(TestMethodWorker.java:128)\n\tat java.base/java.util.concurrent.ThreadPoolExecutor.runWorker(ThreadPoolExecutor.java:1136)\n\tat java.base/java.util.concurrent.ThreadPoolExecutor$Worker.run(ThreadPoolExecutor.java:635)\n\tat java.base/java.lang.Thread.run(Thread.java:840)\n","flaky":false,"newFailed":false,"newBroken":false,"newPassed":false,"retriesCount":0,"retriesStatusChange":false,"beforeStages":[{"name":"abrirNavegador","time":{"start":1739195999748,"stop":1739196001876,"duration":2128},"description":"","status":"passed","steps":[],"attachments":[],"parameters":[],"stepsCount":0,"hasContent":false,"shouldDisplayMessage":false,"attachmentsCount":0,"attachmentStep":false}],"testStage":{"status":"broken","statusMessage":"Expected condition failed: waiting for visibility of element located by By.cssSelector: input[name=cpf] (tried for 30 second(s) with 500 milliseconds interval)\nBuild info: version: '4.17.0', revision: 'e52b1be057*'\nSystem info: os.name: 'Mac OS X', os.arch: 'aarch64', os.version: '15.3', java.version: '17.0.14'\nDriver info: jdk.proxy2.$Proxy15","statusTrace":"org.openqa.selenium.TimeoutException: Expected condition failed: waiting for visibility of element located by By.cssSelector: input[name=cpf] (tried for 30 second(s) with 500 milliseconds interval)\nBuild info: version: '4.17.0', revision: 'e52b1be057*'\nSystem info: os.name: 'Mac OS X', os.arch: 'aarch64', os.version: '15.3', java.version: '17.0.14'\nDriver info: jdk.proxy2.$Proxy15\n\tat org.openqa.selenium.support.ui.WebDriverWait.timeoutException(WebDriverWait.java:84)\n\tat org.openqa.selenium.support.ui.FluentWait.until(FluentWait.java:228)\n\tat testathon.factory.selenium.Waits.waitElement(Waits.java:13)\n\tat testathon.factory.selenium.Interactions.sendKeys(Interactions.java:17)\n\tat testathon.page.login.LoginPage.preencherCampoCpf(LoginPage.java:30)\n\tat testathon.page.login.LoginPage.cadastrarELogar(LoginPage.java:66)\n\tat testathon.test.perfil.PerfilAcessoTest.testTentarAlterarSenhaDeAcessoParaSenhasNoFormatoInvalido(PerfilAcessoTest.java:78)\n\tat java.base/jdk.internal.reflect.NativeMethodAccessorImpl.invoke0(Native Method)\n\tat java.base/jdk.internal.reflect.NativeMethodAccessorImpl.invoke(NativeMethodAccessorImpl.java:77)\n\tat java.base/jdk.internal.reflect.DelegatingMethodAccessorImpl.invoke(DelegatingMethodAccessorImpl.java:43)\n\tat java.base/java.lang.reflect.Method.invoke(Method.java:569)\n\tat org.testng.internal.MethodInvocationHelper.invokeMethod(MethodInvocationHelper.java:133)\n\tat org.testng.internal.TestInvoker.invokeMethod(TestInvoker.java:584)\n\tat org.testng.internal.TestInvoker.invokeTestMethod(TestInvoker.java:172)\n\tat org.testng.internal.MethodRunner.runInSequence(MethodRunner.java:46)\n\tat org.testng.internal.TestInvoker$MethodInvocationAgent.invoke(TestInvoker.java:804)\n\tat org.testng.internal.TestInvoker.invokeTestMethods(TestInvoker.java:145)\n\tat org.testng.internal.TestMethodWorker.invokeTestMethods(TestMethodWorker.java:146)\n\tat org.testng.internal.TestMethodWorker.run(TestMethodWorker.java:128)\n\tat java.base/java.util.concurrent.ThreadPoolExecutor.runWorker(ThreadPoolExecutor.java:1136)\n\tat java.base/java.util.concurrent.ThreadPoolExecutor$Worker.run(ThreadPoolExecutor.java:635)\n\tat java.base/java.lang.Thread.run(Thread.java:840)\n","steps":[],"attachments":[{"uid":"45b0e5064a51e5cf","name":"Screenshot on Failure","source":"45b0e5064a51e5cf.png","type":"image/png","size":763002}],"parameters":[],"stepsCount":0,"hasContent":true,"shouldDisplayMessage":true,"attachmentsCount":1,"attachmentStep":false},"afterStages":[{"name":"fecharNavegador","time":{"start":1739196098945,"stop":1739196099435,"duration":490},"description":"","status":"passed","steps":[],"attachments":[],"parameters":[],"stepsCount":0,"hasContent":false,"shouldDisplayMessage":false,"attachmentsCount":0,"attachmentStep":false}],"labels":[{"name":"package","value":"testathon.test.perfil.PerfilAcessoTest"},{"name":"testClass","value":"testathon.test.perfil.PerfilAcessoTest"},{"name":"testMethod","value":"testTentarAlterarSenhaDeAcessoParaSenhasNoFormatoInvalido"},{"name":"parentSuite","value":"TesteNG com Selenium Grid"},{"name":"suite","value":"Teste Firefox"},{"name":"subSuite","value":"testathon.test.perfil.PerfilAcessoTest"},{"name":"host","value":"MacBook-Air-de-Renato.local"},{"name":"thread","value":"56871@MacBook-Air-de-Renato.local.TestNG-test=Teste Firefox-1(18)"},{"name":"framework","value":"testng"},{"name":"language","value":"java"},{"name":"feature","value":"Testes de Alterar Senha"},{"name":"severity","value":"normal"},{"name":"resultFormat","value":"allure2"}],"parameters":[{"name":"browser","value":"firefox"}],"links":[],"hidden":false,"retry":false,"extra":{"severity":"normal","retries":[],"categories":[{"name":"Test defects","matchedStatuses":[],"flaky":false}],"tags":[]},"source":"e304a233e053cf1d.json","parameterValues":["firefox"]}